<?xml version="1.0" encoding="UTF-8"?>
<coverage generated="1756165295034" clover="3.2.0">
  <project timestamp="1756165295034" name="All files">
    <metrics statements="9" coveredstatements="5" conditionals="2" coveredconditionals="0" methods="2" coveredmethods="1" elements="13" coveredelements="6" complexity="0" loc="9" ncloc="9" packages="1" files="2" classes="2"/>
    <file name="app.js" path="C:\Users\rafae\OneDrive\Documentos\Estudos\devops-fase1\app\src\app.js">
      <metrics statements="5" coveredstatements="5" conditionals="0" coveredconditionals="0" methods="1" coveredmethods="1"/>
      <line num="1" count="1" type="stmt"/>
      <line num="3" count="1" type="stmt"/>
      <line num="5" count="1" type="stmt"/>
      <line num="6" count="1" type="stmt"/>
      <line num="9" count="1" type="stmt"/>
    </file>
    <file name="index.js" path="C:\Users\rafae\OneDrive\Documentos\Estudos\devops-fase1\app\src\index.js">
      <metrics statements="4" coveredstatements="0" conditionals="2" coveredconditionals="0" methods="1" coveredmethods="0"/>
      <line num="1" count="0" type="stmt"/>
      <line num="3" count="0" type="cond" truecount="0" falsecount="2"/>
      <line num="4" count="0" type="stmt"/>
      <line num="5" count="0" type="stmt"/>
    </file>
  </project>
</coverage>
